2017-03-14 14:43:45 Notice: Notice (8): Object of class Cake\View\Helper\FormHelper could not be converted to int in [R:\xampp\htdocs\cakephp-3-1-13\src\Template\Users\login.ctp, line 8]
Trace:
Cake\Error\BaseErrorHandler::handleError() - CORE\src\Error\BaseErrorHandler.php, line 140
include - APP/Template\Users\login.ctp, line 8
Cake\View\View::_evaluate() - CORE\src\View\View.php, line 992
Cake\View\View::_render() - CORE\src\View\View.php, line 952
Cake\View\View::render() - CORE\src\View\View.php, line 587
Cake\Controller\Controller::render() - CORE\src\Controller\Controller.php, line 612
Cake\Routing\Dispatcher::_invoke() - CORE\src\Routing\Dispatcher.php, line 120
Cake\Routing\Dispatcher::dispatch() - CORE\src\Routing\Dispatcher.php, line 87
[main] - ROOT\webroot\index.php, line 37



2017-03-14 14:44:20 Notice: Notice (8): Object of class Cake\View\Helper\FormHelper could not be converted to int in [R:\xampp\htdocs\cakephp-3-1-13\src\Template\Users\login.ctp, line 8]
Trace:
Cake\Error\BaseErrorHandler::handleError() - CORE\src\Error\BaseErrorHandler.php, line 140
include - APP/Template\Users\login.ctp, line 8
Cake\View\View::_evaluate() - CORE\src\View\View.php, line 992
Cake\View\View::_render() - CORE\src\View\View.php, line 952
Cake\View\View::render() - CORE\src\View\View.php, line 587
Cake\Controller\Controller::render() - CORE\src\Controller\Controller.php, line 612
Cake\Routing\Dispatcher::_invoke() - CORE\src\Routing\Dispatcher.php, line 120
Cake\Routing\Dispatcher::dispatch() - CORE\src\Routing\Dispatcher.php, line 87
[main] - ROOT\webroot\index.php, line 37



2017-03-14 19:44:22 Notice: Notice (8): Undefined index: myimage in [R:\xampp\htdocs\cakephp-3-1-13\src\Controller\ProductsController.php, line 64]
Trace:
Cake\Error\BaseErrorHandler::handleError() - CORE\src\Error\BaseErrorHandler.php, line 140
App\Controller\ProductsController::add() - APP/Controller\ProductsController.php, line 64
Cake\Controller\Controller::invokeAction() - CORE\src\Controller\Controller.php, line 430
Cake\Routing\Dispatcher::_invoke() - CORE\src\Routing\Dispatcher.php, line 114
Cake\Routing\Dispatcher::dispatch() - CORE\src\Routing\Dispatcher.php, line 87
[main] - ROOT\webroot\index.php, line 37



2017-03-14 19:44:22 Notice: Notice (8): Undefined index: myimage in [R:\xampp\htdocs\cakephp-3-1-13\src\Controller\ProductsController.php, line 68]
Trace:
Cake\Error\BaseErrorHandler::handleError() - CORE\src\Error\BaseErrorHandler.php, line 140
App\Controller\ProductsController::add() - APP/Controller\ProductsController.php, line 68
Cake\Controller\Controller::invokeAction() - CORE\src\Controller\Controller.php, line 430
Cake\Routing\Dispatcher::_invoke() - CORE\src\Routing\Dispatcher.php, line 114
Cake\Routing\Dispatcher::dispatch() - CORE\src\Routing\Dispatcher.php, line 87
[main] - ROOT\webroot\index.php, line 37



2017-03-14 19:44:22 Notice: Notice (8): Undefined index: myimage in [R:\xampp\htdocs\cakephp-3-1-13\src\Controller\ProductsController.php, line 68]
Trace:
Cake\Error\BaseErrorHandler::handleError() - CORE\src\Error\BaseErrorHandler.php, line 140
App\Controller\ProductsController::add() - APP/Controller\ProductsController.php, line 68
Cake\Controller\Controller::invokeAction() - CORE\src\Controller\Controller.php, line 430
Cake\Routing\Dispatcher::_invoke() - CORE\src\Routing\Dispatcher.php, line 114
Cake\Routing\Dispatcher::dispatch() - CORE\src\Routing\Dispatcher.php, line 87
[main] - ROOT\webroot\index.php, line 37



2017-03-14 19:46:41 Notice: Notice (8): Undefined index: myimage in [R:\xampp\htdocs\cakephp-3-1-13\src\Controller\ProductsController.php, line 66]
Trace:
Cake\Error\BaseErrorHandler::handleError() - CORE\src\Error\BaseErrorHandler.php, line 140
App\Controller\ProductsController::add() - APP/Controller\ProductsController.php, line 66
Cake\Controller\Controller::invokeAction() - CORE\src\Controller\Controller.php, line 430
Cake\Routing\Dispatcher::_invoke() - CORE\src\Routing\Dispatcher.php, line 114
Cake\Routing\Dispatcher::dispatch() - CORE\src\Routing\Dispatcher.php, line 87
[main] - ROOT\webroot\index.php, line 37



2017-03-14 19:46:41 Notice: Notice (8): Undefined index: myimage in [R:\xampp\htdocs\cakephp-3-1-13\src\Controller\ProductsController.php, line 70]
Trace:
Cake\Error\BaseErrorHandler::handleError() - CORE\src\Error\BaseErrorHandler.php, line 140
App\Controller\ProductsController::add() - APP/Controller\ProductsController.php, line 70
Cake\Controller\Controller::invokeAction() - CORE\src\Controller\Controller.php, line 430
Cake\Routing\Dispatcher::_invoke() - CORE\src\Routing\Dispatcher.php, line 114
Cake\Routing\Dispatcher::dispatch() - CORE\src\Routing\Dispatcher.php, line 87
[main] - ROOT\webroot\index.php, line 37



2017-03-14 19:46:41 Notice: Notice (8): Undefined index: myimage in [R:\xampp\htdocs\cakephp-3-1-13\src\Controller\ProductsController.php, line 70]
Trace:
Cake\Error\BaseErrorHandler::handleError() - CORE\src\Error\BaseErrorHandler.php, line 140
App\Controller\ProductsController::add() - APP/Controller\ProductsController.php, line 70
Cake\Controller\Controller::invokeAction() - CORE\src\Controller\Controller.php, line 430
Cake\Routing\Dispatcher::_invoke() - CORE\src\Routing\Dispatcher.php, line 114
Cake\Routing\Dispatcher::dispatch() - CORE\src\Routing\Dispatcher.php, line 87
[main] - ROOT\webroot\index.php, line 37



2017-03-14 19:48:06 Notice: Notice (8): Undefined index: myimage in [R:\xampp\htdocs\cakephp-3-1-13\src\Controller\ProductsController.php, line 66]
Trace:
Cake\Error\BaseErrorHandler::handleError() - CORE\src\Error\BaseErrorHandler.php, line 140
App\Controller\ProductsController::add() - APP/Controller\ProductsController.php, line 66
Cake\Controller\Controller::invokeAction() - CORE\src\Controller\Controller.php, line 430
Cake\Routing\Dispatcher::_invoke() - CORE\src\Routing\Dispatcher.php, line 114
Cake\Routing\Dispatcher::dispatch() - CORE\src\Routing\Dispatcher.php, line 87
[main] - ROOT\webroot\index.php, line 37



2017-03-14 19:48:06 Notice: Notice (8): Undefined index: myimage in [R:\xampp\htdocs\cakephp-3-1-13\src\Controller\ProductsController.php, line 70]
Trace:
Cake\Error\BaseErrorHandler::handleError() - CORE\src\Error\BaseErrorHandler.php, line 140
App\Controller\ProductsController::add() - APP/Controller\ProductsController.php, line 70
Cake\Controller\Controller::invokeAction() - CORE\src\Controller\Controller.php, line 430
Cake\Routing\Dispatcher::_invoke() - CORE\src\Routing\Dispatcher.php, line 114
Cake\Routing\Dispatcher::dispatch() - CORE\src\Routing\Dispatcher.php, line 87
[main] - ROOT\webroot\index.php, line 37



2017-03-14 19:48:06 Notice: Notice (8): Undefined index: myimage in [R:\xampp\htdocs\cakephp-3-1-13\src\Controller\ProductsController.php, line 70]
Trace:
Cake\Error\BaseErrorHandler::handleError() - CORE\src\Error\BaseErrorHandler.php, line 140
App\Controller\ProductsController::add() - APP/Controller\ProductsController.php, line 70
Cake\Controller\Controller::invokeAction() - CORE\src\Controller\Controller.php, line 430
Cake\Routing\Dispatcher::_invoke() - CORE\src\Routing\Dispatcher.php, line 114
Cake\Routing\Dispatcher::dispatch() - CORE\src\Routing\Dispatcher.php, line 87
[main] - ROOT\webroot\index.php, line 37



2017-03-14 19:48:45 Notice: Notice (8): Undefined index: myimage in [R:\xampp\htdocs\cakephp-3-1-13\src\Controller\ProductsController.php, line 66]
Trace:
Cake\Error\BaseErrorHandler::handleError() - CORE\src\Error\BaseErrorHandler.php, line 140
App\Controller\ProductsController::add() - APP/Controller\ProductsController.php, line 66
Cake\Controller\Controller::invokeAction() - CORE\src\Controller\Controller.php, line 430
Cake\Routing\Dispatcher::_invoke() - CORE\src\Routing\Dispatcher.php, line 114
Cake\Routing\Dispatcher::dispatch() - CORE\src\Routing\Dispatcher.php, line 87
[main] - ROOT\webroot\index.php, line 37



2017-03-14 19:48:45 Notice: Notice (8): Undefined index: myimage in [R:\xampp\htdocs\cakephp-3-1-13\src\Controller\ProductsController.php, line 70]
Trace:
Cake\Error\BaseErrorHandler::handleError() - CORE\src\Error\BaseErrorHandler.php, line 140
App\Controller\ProductsController::add() - APP/Controller\ProductsController.php, line 70
Cake\Controller\Controller::invokeAction() - CORE\src\Controller\Controller.php, line 430
Cake\Routing\Dispatcher::_invoke() - CORE\src\Routing\Dispatcher.php, line 114
Cake\Routing\Dispatcher::dispatch() - CORE\src\Routing\Dispatcher.php, line 87
[main] - ROOT\webroot\index.php, line 37



2017-03-14 19:48:45 Notice: Notice (8): Undefined index: myimage in [R:\xampp\htdocs\cakephp-3-1-13\src\Controller\ProductsController.php, line 70]
Trace:
Cake\Error\BaseErrorHandler::handleError() - CORE\src\Error\BaseErrorHandler.php, line 140
App\Controller\ProductsController::add() - APP/Controller\ProductsController.php, line 70
Cake\Controller\Controller::invokeAction() - CORE\src\Controller\Controller.php, line 430
Cake\Routing\Dispatcher::_invoke() - CORE\src\Routing\Dispatcher.php, line 114
Cake\Routing\Dispatcher::dispatch() - CORE\src\Routing\Dispatcher.php, line 87
[main] - ROOT\webroot\index.php, line 37



2017-03-14 19:49:56 Notice: Notice (8): Undefined index: myimage in [R:\xampp\htdocs\cakephp-3-1-13\src\Controller\ProductsController.php, line 66]
Trace:
Cake\Error\BaseErrorHandler::handleError() - CORE\src\Error\BaseErrorHandler.php, line 140
App\Controller\ProductsController::add() - APP/Controller\ProductsController.php, line 66
Cake\Controller\Controller::invokeAction() - CORE\src\Controller\Controller.php, line 430
Cake\Routing\Dispatcher::_invoke() - CORE\src\Routing\Dispatcher.php, line 114
Cake\Routing\Dispatcher::dispatch() - CORE\src\Routing\Dispatcher.php, line 87
[main] - ROOT\webroot\index.php, line 37



2017-03-14 19:49:56 Notice: Notice (8): Undefined index: myimage in [R:\xampp\htdocs\cakephp-3-1-13\src\Controller\ProductsController.php, line 70]
Trace:
Cake\Error\BaseErrorHandler::handleError() - CORE\src\Error\BaseErrorHandler.php, line 140
App\Controller\ProductsController::add() - APP/Controller\ProductsController.php, line 70
Cake\Controller\Controller::invokeAction() - CORE\src\Controller\Controller.php, line 430
Cake\Routing\Dispatcher::_invoke() - CORE\src\Routing\Dispatcher.php, line 114
Cake\Routing\Dispatcher::dispatch() - CORE\src\Routing\Dispatcher.php, line 87
[main] - ROOT\webroot\index.php, line 37



2017-03-14 19:49:56 Notice: Notice (8): Undefined index: myimage in [R:\xampp\htdocs\cakephp-3-1-13\src\Controller\ProductsController.php, line 70]
Trace:
Cake\Error\BaseErrorHandler::handleError() - CORE\src\Error\BaseErrorHandler.php, line 140
App\Controller\ProductsController::add() - APP/Controller\ProductsController.php, line 70
Cake\Controller\Controller::invokeAction() - CORE\src\Controller\Controller.php, line 430
Cake\Routing\Dispatcher::_invoke() - CORE\src\Routing\Dispatcher.php, line 114
Cake\Routing\Dispatcher::dispatch() - CORE\src\Routing\Dispatcher.php, line 87
[main] - ROOT\webroot\index.php, line 37



2017-03-14 20:01:11 Notice: Notice (8): Undefined index: myimage in [R:\xampp\htdocs\cakephp-3-1-13\src\Controller\ProductsController.php, line 66]
Trace:
Cake\Error\BaseErrorHandler::handleError() - CORE\src\Error\BaseErrorHandler.php, line 140
App\Controller\ProductsController::add() - APP/Controller\ProductsController.php, line 66
Cake\Controller\Controller::invokeAction() - CORE\src\Controller\Controller.php, line 430
Cake\Routing\Dispatcher::_invoke() - CORE\src\Routing\Dispatcher.php, line 114
Cake\Routing\Dispatcher::dispatch() - CORE\src\Routing\Dispatcher.php, line 87
[main] - ROOT\webroot\index.php, line 37



2017-03-14 20:01:11 Notice: Notice (8): Undefined index: myimage in [R:\xampp\htdocs\cakephp-3-1-13\src\Controller\ProductsController.php, line 70]
Trace:
Cake\Error\BaseErrorHandler::handleError() - CORE\src\Error\BaseErrorHandler.php, line 140
App\Controller\ProductsController::add() - APP/Controller\ProductsController.php, line 70
Cake\Controller\Controller::invokeAction() - CORE\src\Controller\Controller.php, line 430
Cake\Routing\Dispatcher::_invoke() - CORE\src\Routing\Dispatcher.php, line 114
Cake\Routing\Dispatcher::dispatch() - CORE\src\Routing\Dispatcher.php, line 87
[main] - ROOT\webroot\index.php, line 37



2017-03-14 20:01:11 Notice: Notice (8): Undefined index: myimage in [R:\xampp\htdocs\cakephp-3-1-13\src\Controller\ProductsController.php, line 70]
Trace:
Cake\Error\BaseErrorHandler::handleError() - CORE\src\Error\BaseErrorHandler.php, line 140
App\Controller\ProductsController::add() - APP/Controller\ProductsController.php, line 70
Cake\Controller\Controller::invokeAction() - CORE\src\Controller\Controller.php, line 430
Cake\Routing\Dispatcher::_invoke() - CORE\src\Routing\Dispatcher.php, line 114
Cake\Routing\Dispatcher::dispatch() - CORE\src\Routing\Dispatcher.php, line 87
[main] - ROOT\webroot\index.php, line 37



2017-03-14 20:01:11 Notice: Notice (8): Array to string conversion in [R:\xampp\htdocs\cakephp-3-1-13\src\Controller\ProductsController.php, line 72]
Trace:
Cake\Error\BaseErrorHandler::handleError() - CORE\src\Error\BaseErrorHandler.php, line 140
App\Controller\ProductsController::add() - APP/Controller\ProductsController.php, line 72
Cake\Controller\Controller::invokeAction() - CORE\src\Controller\Controller.php, line 430
Cake\Routing\Dispatcher::_invoke() - CORE\src\Routing\Dispatcher.php, line 114
Cake\Routing\Dispatcher::dispatch() - CORE\src\Routing\Dispatcher.php, line 87
[main] - ROOT\webroot\index.php, line 37



2017-03-14 20:02:00 Notice: Notice (8): Undefined index: myimage in [R:\xampp\htdocs\cakephp-3-1-13\src\Controller\ProductsController.php, line 66]
Trace:
Cake\Error\BaseErrorHandler::handleError() - CORE\src\Error\BaseErrorHandler.php, line 140
App\Controller\ProductsController::add() - APP/Controller\ProductsController.php, line 66
Cake\Controller\Controller::invokeAction() - CORE\src\Controller\Controller.php, line 430
Cake\Routing\Dispatcher::_invoke() - CORE\src\Routing\Dispatcher.php, line 114
Cake\Routing\Dispatcher::dispatch() - CORE\src\Routing\Dispatcher.php, line 87
[main] - ROOT\webroot\index.php, line 37



2017-03-14 20:02:00 Notice: Notice (8): Undefined index: myimage in [R:\xampp\htdocs\cakephp-3-1-13\src\Controller\ProductsController.php, line 70]
Trace:
Cake\Error\BaseErrorHandler::handleError() - CORE\src\Error\BaseErrorHandler.php, line 140
App\Controller\ProductsController::add() - APP/Controller\ProductsController.php, line 70
Cake\Controller\Controller::invokeAction() - CORE\src\Controller\Controller.php, line 430
Cake\Routing\Dispatcher::_invoke() - CORE\src\Routing\Dispatcher.php, line 114
Cake\Routing\Dispatcher::dispatch() - CORE\src\Routing\Dispatcher.php, line 87
[main] - ROOT\webroot\index.php, line 37



2017-03-14 20:02:00 Notice: Notice (8): Undefined index: myimage in [R:\xampp\htdocs\cakephp-3-1-13\src\Controller\ProductsController.php, line 70]
Trace:
Cake\Error\BaseErrorHandler::handleError() - CORE\src\Error\BaseErrorHandler.php, line 140
App\Controller\ProductsController::add() - APP/Controller\ProductsController.php, line 70
Cake\Controller\Controller::invokeAction() - CORE\src\Controller\Controller.php, line 430
Cake\Routing\Dispatcher::_invoke() - CORE\src\Routing\Dispatcher.php, line 114
Cake\Routing\Dispatcher::dispatch() - CORE\src\Routing\Dispatcher.php, line 87
[main] - ROOT\webroot\index.php, line 37



2017-03-14 20:02:00 Notice: Notice (8): Array to string conversion in [R:\xampp\htdocs\cakephp-3-1-13\src\Controller\ProductsController.php, line 72]
Trace:
Cake\Error\BaseErrorHandler::handleError() - CORE\src\Error\BaseErrorHandler.php, line 140
App\Controller\ProductsController::add() - APP/Controller\ProductsController.php, line 72
Cake\Controller\Controller::invokeAction() - CORE\src\Controller\Controller.php, line 430
Cake\Routing\Dispatcher::_invoke() - CORE\src\Routing\Dispatcher.php, line 114
Cake\Routing\Dispatcher::dispatch() - CORE\src\Routing\Dispatcher.php, line 87
[main] - ROOT\webroot\index.php, line 37



2017-03-14 20:02:32 Notice: Notice (8): Undefined index: myimage in [R:\xampp\htdocs\cakephp-3-1-13\src\Controller\ProductsController.php, line 66]
Trace:
Cake\Error\BaseErrorHandler::handleError() - CORE\src\Error\BaseErrorHandler.php, line 140
App\Controller\ProductsController::add() - APP/Controller\ProductsController.php, line 66
Cake\Controller\Controller::invokeAction() - CORE\src\Controller\Controller.php, line 430
Cake\Routing\Dispatcher::_invoke() - CORE\src\Routing\Dispatcher.php, line 114
Cake\Routing\Dispatcher::dispatch() - CORE\src\Routing\Dispatcher.php, line 87
[main] - ROOT\webroot\index.php, line 37



2017-03-14 20:02:32 Notice: Notice (8): Undefined index: myimage in [R:\xampp\htdocs\cakephp-3-1-13\src\Controller\ProductsController.php, line 70]
Trace:
Cake\Error\BaseErrorHandler::handleError() - CORE\src\Error\BaseErrorHandler.php, line 140
App\Controller\ProductsController::add() - APP/Controller\ProductsController.php, line 70
Cake\Controller\Controller::invokeAction() - CORE\src\Controller\Controller.php, line 430
Cake\Routing\Dispatcher::_invoke() - CORE\src\Routing\Dispatcher.php, line 114
Cake\Routing\Dispatcher::dispatch() - CORE\src\Routing\Dispatcher.php, line 87
[main] - ROOT\webroot\index.php, line 37



2017-03-14 20:02:32 Notice: Notice (8): Undefined index: myimage in [R:\xampp\htdocs\cakephp-3-1-13\src\Controller\ProductsController.php, line 70]
Trace:
Cake\Error\BaseErrorHandler::handleError() - CORE\src\Error\BaseErrorHandler.php, line 140
App\Controller\ProductsController::add() - APP/Controller\ProductsController.php, line 70
Cake\Controller\Controller::invokeAction() - CORE\src\Controller\Controller.php, line 430
Cake\Routing\Dispatcher::_invoke() - CORE\src\Routing\Dispatcher.php, line 114
Cake\Routing\Dispatcher::dispatch() - CORE\src\Routing\Dispatcher.php, line 87
[main] - ROOT\webroot\index.php, line 37



2017-03-14 20:05:21 Notice: Notice (8): Undefined index: myfile in [R:\xampp\htdocs\cakephp-3-1-13\src\Controller\ProductsController.php, line 66]
Trace:
Cake\Error\BaseErrorHandler::handleError() - CORE\src\Error\BaseErrorHandler.php, line 140
App\Controller\ProductsController::add() - APP/Controller\ProductsController.php, line 66
Cake\Controller\Controller::invokeAction() - CORE\src\Controller\Controller.php, line 430
Cake\Routing\Dispatcher::_invoke() - CORE\src\Routing\Dispatcher.php, line 114
Cake\Routing\Dispatcher::dispatch() - CORE\src\Routing\Dispatcher.php, line 87
[main] - ROOT\webroot\index.php, line 37



2017-03-14 20:05:21 Notice: Notice (8): Undefined index: myimage in [R:\xampp\htdocs\cakephp-3-1-13\src\Controller\ProductsController.php, line 70]
Trace:
Cake\Error\BaseErrorHandler::handleError() - CORE\src\Error\BaseErrorHandler.php, line 140
App\Controller\ProductsController::add() - APP/Controller\ProductsController.php, line 70
Cake\Controller\Controller::invokeAction() - CORE\src\Controller\Controller.php, line 430
Cake\Routing\Dispatcher::_invoke() - CORE\src\Routing\Dispatcher.php, line 114
Cake\Routing\Dispatcher::dispatch() - CORE\src\Routing\Dispatcher.php, line 87
[main] - ROOT\webroot\index.php, line 37



2017-03-14 20:05:21 Notice: Notice (8): Undefined index: myimage in [R:\xampp\htdocs\cakephp-3-1-13\src\Controller\ProductsController.php, line 70]
Trace:
Cake\Error\BaseErrorHandler::handleError() - CORE\src\Error\BaseErrorHandler.php, line 140
App\Controller\ProductsController::add() - APP/Controller\ProductsController.php, line 70
Cake\Controller\Controller::invokeAction() - CORE\src\Controller\Controller.php, line 430
Cake\Routing\Dispatcher::_invoke() - CORE\src\Routing\Dispatcher.php, line 114
Cake\Routing\Dispatcher::dispatch() - CORE\src\Routing\Dispatcher.php, line 87
[main] - ROOT\webroot\index.php, line 37



2017-03-14 20:05:37 Notice: Notice (8): Undefined index: myimage in [R:\xampp\htdocs\cakephp-3-1-13\src\Controller\ProductsController.php, line 70]
Trace:
Cake\Error\BaseErrorHandler::handleError() - CORE\src\Error\BaseErrorHandler.php, line 140
App\Controller\ProductsController::add() - APP/Controller\ProductsController.php, line 70
Cake\Controller\Controller::invokeAction() - CORE\src\Controller\Controller.php, line 430
Cake\Routing\Dispatcher::_invoke() - CORE\src\Routing\Dispatcher.php, line 114
Cake\Routing\Dispatcher::dispatch() - CORE\src\Routing\Dispatcher.php, line 87
[main] - ROOT\webroot\index.php, line 37



2017-03-14 20:05:37 Notice: Notice (8): Undefined index: myimage in [R:\xampp\htdocs\cakephp-3-1-13\src\Controller\ProductsController.php, line 70]
Trace:
Cake\Error\BaseErrorHandler::handleError() - CORE\src\Error\BaseErrorHandler.php, line 140
App\Controller\ProductsController::add() - APP/Controller\ProductsController.php, line 70
Cake\Controller\Controller::invokeAction() - CORE\src\Controller\Controller.php, line 430
Cake\Routing\Dispatcher::_invoke() - CORE\src\Routing\Dispatcher.php, line 114
Cake\Routing\Dispatcher::dispatch() - CORE\src\Routing\Dispatcher.php, line 87
[main] - ROOT\webroot\index.php, line 37



2017-03-14 20:17:21 Notice: Notice (8): Array to string conversion in [R:\xampp\htdocs\cakephp-3-1-13\src\Controller\ProductsController.php, line 71]
Trace:
Cake\Error\BaseErrorHandler::handleError() - CORE\src\Error\BaseErrorHandler.php, line 140
App\Controller\ProductsController::add() - APP/Controller\ProductsController.php, line 71
Cake\Controller\Controller::invokeAction() - CORE\src\Controller\Controller.php, line 430
Cake\Routing\Dispatcher::_invoke() - CORE\src\Routing\Dispatcher.php, line 114
Cake\Routing\Dispatcher::dispatch() - CORE\src\Routing\Dispatcher.php, line 87
[main] - ROOT\webroot\index.php, line 37



2017-03-14 20:44:19 Notice: Notice (8): Undefined index: myimage in [R:\xampp\htdocs\cakephp-3-1-13\src\Controller\ProductsController.php, line 67]
Trace:
Cake\Error\BaseErrorHandler::handleError() - CORE\src\Error\BaseErrorHandler.php, line 140
App\Controller\ProductsController::add() - APP/Controller\ProductsController.php, line 67
Cake\Controller\Controller::invokeAction() - CORE\src\Controller\Controller.php, line 430
Cake\Routing\Dispatcher::_invoke() - CORE\src\Routing\Dispatcher.php, line 114
Cake\Routing\Dispatcher::dispatch() - CORE\src\Routing\Dispatcher.php, line 87
[main] - ROOT\webroot\index.php, line 37



2017-03-14 20:44:19 Notice: Notice (8): Undefined index: myimage in [R:\xampp\htdocs\cakephp-3-1-13\src\Controller\ProductsController.php, line 73]
Trace:
Cake\Error\BaseErrorHandler::handleError() - CORE\src\Error\BaseErrorHandler.php, line 140
App\Controller\ProductsController::add() - APP/Controller\ProductsController.php, line 73
Cake\Controller\Controller::invokeAction() - CORE\src\Controller\Controller.php, line 430
Cake\Routing\Dispatcher::_invoke() - CORE\src\Routing\Dispatcher.php, line 114
Cake\Routing\Dispatcher::dispatch() - CORE\src\Routing\Dispatcher.php, line 87
[main] - ROOT\webroot\index.php, line 37



2017-03-14 20:44:19 Notice: Notice (8): Undefined index: myimage in [R:\xampp\htdocs\cakephp-3-1-13\src\Controller\ProductsController.php, line 73]
Trace:
Cake\Error\BaseErrorHandler::handleError() - CORE\src\Error\BaseErrorHandler.php, line 140
App\Controller\ProductsController::add() - APP/Controller\ProductsController.php, line 73
Cake\Controller\Controller::invokeAction() - CORE\src\Controller\Controller.php, line 430
Cake\Routing\Dispatcher::_invoke() - CORE\src\Routing\Dispatcher.php, line 114
Cake\Routing\Dispatcher::dispatch() - CORE\src\Routing\Dispatcher.php, line 87
[main] - ROOT\webroot\index.php, line 37



2017-03-14 20:48:16 Notice: Notice (8): Undefined index: email_logo.png in [R:\xampp\htdocs\cakephp-3-1-13\src\Controller\ProductsController.php, line 69]
Trace:
Cake\Error\BaseErrorHandler::handleError() - CORE\src\Error\BaseErrorHandler.php, line 140
App\Controller\ProductsController::add() - APP/Controller\ProductsController.php, line 69
Cake\Controller\Controller::invokeAction() - CORE\src\Controller\Controller.php, line 430
Cake\Routing\Dispatcher::_invoke() - CORE\src\Routing\Dispatcher.php, line 114
Cake\Routing\Dispatcher::dispatch() - CORE\src\Routing\Dispatcher.php, line 87
[main] - ROOT\webroot\index.php, line 37



2017-03-14 20:49:33 Notice: Notice (8): Undefined index: email_logo.png in [R:\xampp\htdocs\cakephp-3-1-13\src\Controller\ProductsController.php, line 69]
Trace:
Cake\Error\BaseErrorHandler::handleError() - CORE\src\Error\BaseErrorHandler.php, line 140
App\Controller\ProductsController::add() - APP/Controller\ProductsController.php, line 69
Cake\Controller\Controller::invokeAction() - CORE\src\Controller\Controller.php, line 430
Cake\Routing\Dispatcher::_invoke() - CORE\src\Routing\Dispatcher.php, line 114
Cake\Routing\Dispatcher::dispatch() - CORE\src\Routing\Dispatcher.php, line 87
[main] - ROOT\webroot\index.php, line 37



2017-03-14 20:49:33 Notice: Notice (8): Undefined index: myimage in [R:\xampp\htdocs\cakephp-3-1-13\src\Controller\ProductsController.php, line 71]
Trace:
Cake\Error\BaseErrorHandler::handleError() - CORE\src\Error\BaseErrorHandler.php, line 140
App\Controller\ProductsController::add() - APP/Controller\ProductsController.php, line 71
Cake\Controller\Controller::invokeAction() - CORE\src\Controller\Controller.php, line 430
Cake\Routing\Dispatcher::_invoke() - CORE\src\Routing\Dispatcher.php, line 114
Cake\Routing\Dispatcher::dispatch() - CORE\src\Routing\Dispatcher.php, line 87
[main] - ROOT\webroot\index.php, line 37



2017-03-14 21:12:59 Notice: Notice (8): Undefined index: email_logo.png in [R:\xampp\htdocs\cakephp-3-1-13\src\Controller\ProductsController.php, line 69]
Trace:
Cake\Error\BaseErrorHandler::handleError() - CORE\src\Error\BaseErrorHandler.php, line 140
App\Controller\ProductsController::add() - APP/Controller\ProductsController.php, line 69
Cake\Controller\Controller::invokeAction() - CORE\src\Controller\Controller.php, line 430
Cake\Routing\Dispatcher::_invoke() - CORE\src\Routing\Dispatcher.php, line 114
Cake\Routing\Dispatcher::dispatch() - CORE\src\Routing\Dispatcher.php, line 87
[main] - ROOT\webroot\index.php, line 37



2017-03-14 21:12:59 Notice: Notice (8): Undefined index: myimage in [R:\xampp\htdocs\cakephp-3-1-13\src\Controller\ProductsController.php, line 71]
Trace:
Cake\Error\BaseErrorHandler::handleError() - CORE\src\Error\BaseErrorHandler.php, line 140
App\Controller\ProductsController::add() - APP/Controller\ProductsController.php, line 71
Cake\Controller\Controller::invokeAction() - CORE\src\Controller\Controller.php, line 430
Cake\Routing\Dispatcher::_invoke() - CORE\src\Routing\Dispatcher.php, line 114
Cake\Routing\Dispatcher::dispatch() - CORE\src\Routing\Dispatcher.php, line 87
[main] - ROOT\webroot\index.php, line 37



2017-03-14 21:13:40 Notice: Notice (8): Undefined index: fileToUpload in [R:\xampp\htdocs\cakephp-3-1-13\src\Controller\ProductsController.php, line 67]
Trace:
Cake\Error\BaseErrorHandler::handleError() - CORE\src\Error\BaseErrorHandler.php, line 140
App\Controller\ProductsController::add() - APP/Controller\ProductsController.php, line 67
Cake\Controller\Controller::invokeAction() - CORE\src\Controller\Controller.php, line 430
Cake\Routing\Dispatcher::_invoke() - CORE\src\Routing\Dispatcher.php, line 114
Cake\Routing\Dispatcher::dispatch() - CORE\src\Routing\Dispatcher.php, line 87
[main] - ROOT\webroot\index.php, line 37



2017-03-15 09:57:49 Notice: Notice (8): Undefined variable: session in [R:\xampp\htdocs\cakephp-3-1-13\src\Controller\ProductsController.php, line 57]
Trace:
Cake\Error\BaseErrorHandler::handleError() - CORE\src\Error\BaseErrorHandler.php, line 140
App\Controller\ProductsController::add() - APP/Controller\ProductsController.php, line 57
Cake\Controller\Controller::invokeAction() - CORE\src\Controller\Controller.php, line 430
Cake\Routing\Dispatcher::_invoke() - CORE\src\Routing\Dispatcher.php, line 114
Cake\Routing\Dispatcher::dispatch() - CORE\src\Routing\Dispatcher.php, line 87
[main] - ROOT\webroot\index.php, line 37



2017-03-15 10:00:38 Notice: Notice (8): Undefined variable: session in [R:\xampp\htdocs\cakephp-3-1-13\src\Controller\ProductsController.php, line 58]
Trace:
Cake\Error\BaseErrorHandler::handleError() - CORE\src\Error\BaseErrorHandler.php, line 140
App\Controller\ProductsController::add() - APP/Controller\ProductsController.php, line 58
Cake\Controller\Controller::invokeAction() - CORE\src\Controller\Controller.php, line 430
Cake\Routing\Dispatcher::_invoke() - CORE\src\Routing\Dispatcher.php, line 114
Cake\Routing\Dispatcher::dispatch() - CORE\src\Routing\Dispatcher.php, line 87
[main] - ROOT\webroot\index.php, line 37



2017-03-15 10:04:04 Notice: Notice (8): Undefined variable: name in [R:\xampp\htdocs\cakephp-3-1-13\src\Controller\ProductsController.php, line 60]
Trace:
Cake\Error\BaseErrorHandler::handleError() - CORE\src\Error\BaseErrorHandler.php, line 140
App\Controller\ProductsController::add() - APP/Controller\ProductsController.php, line 60
Cake\Controller\Controller::invokeAction() - CORE\src\Controller\Controller.php, line 430
Cake\Routing\Dispatcher::_invoke() - CORE\src\Routing\Dispatcher.php, line 114
Cake\Routing\Dispatcher::dispatch() - CORE\src\Routing\Dispatcher.php, line 87
[main] - ROOT\webroot\index.php, line 37



2017-03-15 10:04:13 Notice: Notice (8): Undefined variable: 2 in [R:\xampp\htdocs\cakephp-3-1-13\src\Controller\ProductsController.php, line 60]
Trace:
Cake\Error\BaseErrorHandler::handleError() - CORE\src\Error\BaseErrorHandler.php, line 140
App\Controller\ProductsController::add() - APP/Controller\ProductsController.php, line 60
Cake\Controller\Controller::invokeAction() - CORE\src\Controller\Controller.php, line 430
Cake\Routing\Dispatcher::_invoke() - CORE\src\Routing\Dispatcher.php, line 114
Cake\Routing\Dispatcher::dispatch() - CORE\src\Routing\Dispatcher.php, line 87
[main] - ROOT\webroot\index.php, line 37



2017-03-15 10:04:14 Notice: Notice (8): Undefined variable: 2 in [R:\xampp\htdocs\cakephp-3-1-13\src\Controller\ProductsController.php, line 60]
Trace:
Cake\Error\BaseErrorHandler::handleError() - CORE\src\Error\BaseErrorHandler.php, line 140
App\Controller\ProductsController::add() - APP/Controller\ProductsController.php, line 60
Cake\Controller\Controller::invokeAction() - CORE\src\Controller\Controller.php, line 430
Cake\Routing\Dispatcher::_invoke() - CORE\src\Routing\Dispatcher.php, line 114
Cake\Routing\Dispatcher::dispatch() - CORE\src\Routing\Dispatcher.php, line 87
[main] - ROOT\webroot\index.php, line 37



2017-03-15 10:38:45 Notice: Notice (8): Array to string conversion in [R:\xampp\htdocs\cakephp-3-1-13\src\Controller\AppController.php, line 84]
Trace:
Cake\Error\BaseErrorHandler::handleError() - CORE\src\Error\BaseErrorHandler.php, line 140
App\Controller\AppController::beforeRender() - APP/Controller\AppController.php, line 84
Cake\Event\EventManager::_callListener() - CORE\src\Event\EventManager.php, line 385
Cake\Event\EventManager::dispatch() - CORE\src\Event\EventManager.php, line 355
Cake\Controller\Controller::dispatchEvent() - CORE\src\Event\EventDispatcherTrait.php, line 78
Cake\Controller\Controller::render() - CORE\src\Controller\Controller.php, line 597
Cake\Routing\Dispatcher::_invoke() - CORE\src\Routing\Dispatcher.php, line 120
Cake\Routing\Dispatcher::dispatch() - CORE\src\Routing\Dispatcher.php, line 87
[main] - ROOT\webroot\index.php, line 37



2017-03-15 11:04:50 Notice: Notice (8): Undefined variable: file in [R:\xampp\htdocs\cakephp-3-1-13\src\Controller\ProductsController.php, line 82]
Trace:
Cake\Error\BaseErrorHandler::handleError() - CORE\src\Error\BaseErrorHandler.php, line 140
App\Controller\ProductsController::add() - APP/Controller\ProductsController.php, line 82
Cake\Controller\Controller::invokeAction() - CORE\src\Controller\Controller.php, line 430
Cake\Routing\Dispatcher::_invoke() - CORE\src\Routing\Dispatcher.php, line 114
Cake\Routing\Dispatcher::dispatch() - CORE\src\Routing\Dispatcher.php, line 87
[main] - ROOT\webroot\index.php, line 37



2017-03-15 11:05:50 Notice: Notice (8): Undefined variable: file in [R:\xampp\htdocs\cakephp-3-1-13\src\Controller\ProductsController.php, line 82]
Trace:
Cake\Error\BaseErrorHandler::handleError() - CORE\src\Error\BaseErrorHandler.php, line 140
App\Controller\ProductsController::add() - APP/Controller\ProductsController.php, line 82
Cake\Controller\Controller::invokeAction() - CORE\src\Controller\Controller.php, line 430
Cake\Routing\Dispatcher::_invoke() - CORE\src\Routing\Dispatcher.php, line 114
Cake\Routing\Dispatcher::dispatch() - CORE\src\Routing\Dispatcher.php, line 87
[main] - ROOT\webroot\index.php, line 37



2018-02-27 22:02:38 Notice: Notice (8): Trying to get property of non-object in [R:\xampp\htdocs\GuarantyReminder\src\Controller\ProductsController.php, line 83]
Trace:
Cake\Error\BaseErrorHandler::handleError() - CORE\src\Error\BaseErrorHandler.php, line 140
App\Controller\ProductsController::add() - APP/Controller\ProductsController.php, line 83
Cake\Controller\Controller::invokeAction() - CORE\src\Controller\Controller.php, line 430
Cake\Routing\Dispatcher::_invoke() - CORE\src\Routing\Dispatcher.php, line 114
Cake\Routing\Dispatcher::dispatch() - CORE\src\Routing\Dispatcher.php, line 87
[main] - ROOT\webroot\index.php, line 37



2018-02-27 22:04:25 Notice: Notice (8): Trying to get property of non-object in [R:\xampp\htdocs\GuarantyReminder\src\Controller\ProductsController.php, line 83]
Trace:
Cake\Error\BaseErrorHandler::handleError() - CORE\src\Error\BaseErrorHandler.php, line 140
App\Controller\ProductsController::add() - APP/Controller\ProductsController.php, line 83
Cake\Controller\Controller::invokeAction() - CORE\src\Controller\Controller.php, line 430
Cake\Routing\Dispatcher::_invoke() - CORE\src\Routing\Dispatcher.php, line 114
Cake\Routing\Dispatcher::dispatch() - CORE\src\Routing\Dispatcher.php, line 87
[main] - ROOT\webroot\index.php, line 37



2018-02-27 22:04:31 Notice: Notice (8): Trying to get property of non-object in [R:\xampp\htdocs\GuarantyReminder\src\Controller\ProductsController.php, line 83]
Trace:
Cake\Error\BaseErrorHandler::handleError() - CORE\src\Error\BaseErrorHandler.php, line 140
App\Controller\ProductsController::add() - APP/Controller\ProductsController.php, line 83
Cake\Controller\Controller::invokeAction() - CORE\src\Controller\Controller.php, line 430
Cake\Routing\Dispatcher::_invoke() - CORE\src\Routing\Dispatcher.php, line 114
Cake\Routing\Dispatcher::dispatch() - CORE\src\Routing\Dispatcher.php, line 87
[main] - ROOT\webroot\index.php, line 37



2018-02-27 22:05:05 Notice: Notice (8): Trying to get property of non-object in [R:\xampp\htdocs\GuarantyReminder\src\Controller\ProductsController.php, line 83]
Trace:
Cake\Error\BaseErrorHandler::handleError() - CORE\src\Error\BaseErrorHandler.php, line 140
App\Controller\ProductsController::add() - APP/Controller\ProductsController.php, line 83
Cake\Controller\Controller::invokeAction() - CORE\src\Controller\Controller.php, line 430
Cake\Routing\Dispatcher::_invoke() - CORE\src\Routing\Dispatcher.php, line 114
Cake\Routing\Dispatcher::dispatch() - CORE\src\Routing\Dispatcher.php, line 87
[main] - ROOT\webroot\index.php, line 37



2018-02-27 22:07:31 Notice: Notice (8): Trying to get property of non-object in [R:\xampp\htdocs\GuarantyReminder\src\Controller\ProductsController.php, line 83]
Trace:
Cake\Error\BaseErrorHandler::handleError() - CORE\src\Error\BaseErrorHandler.php, line 140
App\Controller\ProductsController::add() - APP/Controller\ProductsController.php, line 83
Cake\Controller\Controller::invokeAction() - CORE\src\Controller\Controller.php, line 430
Cake\Routing\Dispatcher::_invoke() - CORE\src\Routing\Dispatcher.php, line 114
Cake\Routing\Dispatcher::dispatch() - CORE\src\Routing\Dispatcher.php, line 87
[main] - ROOT\webroot\index.php, line 37



2018-02-27 22:08:39 Notice: Notice (8): Trying to get property of non-object in [R:\xampp\htdocs\GuarantyReminder\src\Controller\ProductsController.php, line 83]
Trace:
Cake\Error\BaseErrorHandler::handleError() - CORE\src\Error\BaseErrorHandler.php, line 140
App\Controller\ProductsController::add() - APP/Controller\ProductsController.php, line 83
Cake\Controller\Controller::invokeAction() - CORE\src\Controller\Controller.php, line 430
Cake\Routing\Dispatcher::_invoke() - CORE\src\Routing\Dispatcher.php, line 114
Cake\Routing\Dispatcher::dispatch() - CORE\src\Routing\Dispatcher.php, line 87
[main] - ROOT\webroot\index.php, line 37



2018-02-27 22:25:16 Notice: Notice (8): Trying to get property of non-object in [R:\xampp\htdocs\GuarantyReminder\src\Template\Products\index.ctp, line 27]
Trace:
Cake\Error\BaseErrorHandler::handleError() - CORE\src\Error\BaseErrorHandler.php, line 140
include - APP/Template\Products\index.ctp, line 27
Cake\View\View::_evaluate() - CORE\src\View\View.php, line 992
Cake\View\View::_render() - CORE\src\View\View.php, line 952
Cake\View\View::render() - CORE\src\View\View.php, line 587
Cake\Controller\Controller::render() - CORE\src\Controller\Controller.php, line 612
Cake\Routing\Dispatcher::_invoke() - CORE\src\Routing\Dispatcher.php, line 120
Cake\Routing\Dispatcher::dispatch() - CORE\src\Routing\Dispatcher.php, line 87
[main] - ROOT\webroot\index.php, line 37



2018-02-27 22:47:55 Notice: Notice (8): Undefined variable: test in [R:\xampp\htdocs\GuarantyReminder\src\Controller\ProductsController.php, line 82]
Trace:
Cake\Error\BaseErrorHandler::handleError() - CORE\src\Error\BaseErrorHandler.php, line 140
App\Controller\ProductsController::add() - APP/Controller\ProductsController.php, line 82
Cake\Controller\Controller::invokeAction() - CORE\src\Controller\Controller.php, line 430
Cake\Routing\Dispatcher::_invoke() - CORE\src\Routing\Dispatcher.php, line 114
Cake\Routing\Dispatcher::dispatch() - CORE\src\Routing\Dispatcher.php, line 87
[main] - ROOT\webroot\index.php, line 37



2018-02-27 23:14:39 Notice: Notice (8): Undefined variable: product in [R:\xampp\htdocs\GuarantyReminder\src\Template\Products\index.ctp, line 9]
Trace:
Cake\Error\BaseErrorHandler::handleError() - CORE\src\Error\BaseErrorHandler.php, line 140
include - APP/Template\Products\index.ctp, line 9
Cake\View\View::_evaluate() - CORE\src\View\View.php, line 992
Cake\View\View::_render() - CORE\src\View\View.php, line 952
Cake\View\View::render() - CORE\src\View\View.php, line 587
Cake\Controller\Controller::render() - CORE\src\Controller\Controller.php, line 612
Cake\Routing\Dispatcher::_invoke() - CORE\src\Routing\Dispatcher.php, line 120
Cake\Routing\Dispatcher::dispatch() - CORE\src\Routing\Dispatcher.php, line 87
[main] - ROOT\webroot\index.php, line 37



2018-02-27 23:15:49 Notice: Notice (8): Undefined variable: product in [R:\xampp\htdocs\GuarantyReminder\src\Template\Products\index.ctp, line 9]
Trace:
Cake\Error\BaseErrorHandler::handleError() - CORE\src\Error\BaseErrorHandler.php, line 140
include - APP/Template\Products\index.ctp, line 9
Cake\View\View::_evaluate() - CORE\src\View\View.php, line 992
Cake\View\View::_render() - CORE\src\View\View.php, line 952
Cake\View\View::render() - CORE\src\View\View.php, line 587
Cake\Controller\Controller::render() - CORE\src\Controller\Controller.php, line 612
Cake\Routing\Dispatcher::_invoke() - CORE\src\Routing\Dispatcher.php, line 120
Cake\Routing\Dispatcher::dispatch() - CORE\src\Routing\Dispatcher.php, line 87
[main] - ROOT\webroot\index.php, line 37



2018-02-27 23:33:41 Notice: Notice (8): Undefined variable: session in [R:\xampp\htdocs\GuarantyReminder\src\Controller\ProductsController.php, line 142]
Trace:
Cake\Error\BaseErrorHandler::handleError() - CORE\src\Error\BaseErrorHandler.php, line 140
App\Controller\ProductsController::search() - APP/Controller\ProductsController.php, line 142
Cake\Controller\Controller::invokeAction() - CORE\src\Controller\Controller.php, line 430
Cake\Routing\Dispatcher::_invoke() - CORE\src\Routing\Dispatcher.php, line 114
Cake\Routing\Dispatcher::dispatch() - CORE\src\Routing\Dispatcher.php, line 87
[main] - ROOT\webroot\index.php, line 37



2018-02-27 23:33:55 Notice: Notice (8): Undefined variable: session in [R:\xampp\htdocs\GuarantyReminder\src\Controller\ProductsController.php, line 142]
Trace:
Cake\Error\BaseErrorHandler::handleError() - CORE\src\Error\BaseErrorHandler.php, line 140
App\Controller\ProductsController::search() - APP/Controller\ProductsController.php, line 142
Cake\Controller\Controller::invokeAction() - CORE\src\Controller\Controller.php, line 430
Cake\Routing\Dispatcher::_invoke() - CORE\src\Routing\Dispatcher.php, line 114
Cake\Routing\Dispatcher::dispatch() - CORE\src\Routing\Dispatcher.php, line 87
[main] - ROOT\webroot\index.php, line 37



2018-02-27 23:42:31 Notice: Notice (8): Undefined variable: pr in [R:\xampp\htdocs\GuarantyReminder\src\Template\Products\index.ctp, line 9]
Trace:
Cake\Error\BaseErrorHandler::handleError() - CORE\src\Error\BaseErrorHandler.php, line 140
include - APP/Template\Products\index.ctp, line 9
Cake\View\View::_evaluate() - CORE\src\View\View.php, line 992
Cake\View\View::_render() - CORE\src\View\View.php, line 952
Cake\View\View::render() - CORE\src\View\View.php, line 587
Cake\Controller\Controller::render() - CORE\src\Controller\Controller.php, line 612
Cake\Routing\Dispatcher::_invoke() - CORE\src\Routing\Dispatcher.php, line 120
Cake\Routing\Dispatcher::dispatch() - CORE\src\Routing\Dispatcher.php, line 87
[main] - ROOT\webroot\index.php, line 37



2018-02-27 23:42:56 Notice: Notice (8): Undefined variable: pr in [R:\xampp\htdocs\GuarantyReminder\src\Template\Products\index.ctp, line 9]
Trace:
Cake\Error\BaseErrorHandler::handleError() - CORE\src\Error\BaseErrorHandler.php, line 140
include - APP/Template\Products\index.ctp, line 9
Cake\View\View::_evaluate() - CORE\src\View\View.php, line 992
Cake\View\View::_render() - CORE\src\View\View.php, line 952
Cake\View\View::render() - CORE\src\View\View.php, line 587
Cake\Controller\Controller::render() - CORE\src\Controller\Controller.php, line 612
App\Controller\ProductsController::search() - APP/Controller\ProductsController.php, line 161
Cake\Controller\Controller::invokeAction() - CORE\src\Controller\Controller.php, line 430
Cake\Routing\Dispatcher::_invoke() - CORE\src\Routing\Dispatcher.php, line 114
Cake\Routing\Dispatcher::dispatch() - CORE\src\Routing\Dispatcher.php, line 87
[main] - ROOT\webroot\index.php, line 37



2018-02-27 23:44:56 Notice: Notice (8): Undefined variable: products in [R:\xampp\htdocs\GuarantyReminder\src\Template\Products\index.ctp, line 28]
Trace:
Cake\Error\BaseErrorHandler::handleError() - CORE\src\Error\BaseErrorHandler.php, line 140
include - APP/Template\Products\index.ctp, line 28
Cake\View\View::_evaluate() - CORE\src\View\View.php, line 992
Cake\View\View::_render() - CORE\src\View\View.php, line 952
Cake\View\View::render() - CORE\src\View\View.php, line 587
Cake\Controller\Controller::render() - CORE\src\Controller\Controller.php, line 612
Cake\Routing\Dispatcher::_invoke() - CORE\src\Routing\Dispatcher.php, line 120
Cake\Routing\Dispatcher::dispatch() - CORE\src\Routing\Dispatcher.php, line 87
[main] - ROOT\webroot\index.php, line 37



2018-02-27 23:47:12 Notice: Notice (8): Undefined variable: session in [R:\xampp\htdocs\GuarantyReminder\src\Controller\ProductsController.php, line 146]
Trace:
Cake\Error\BaseErrorHandler::handleError() - CORE\src\Error\BaseErrorHandler.php, line 140
App\Controller\ProductsController::search() - APP/Controller\ProductsController.php, line 146
Cake\Controller\Controller::invokeAction() - CORE\src\Controller\Controller.php, line 430
Cake\Routing\Dispatcher::_invoke() - CORE\src\Routing\Dispatcher.php, line 114
Cake\Routing\Dispatcher::dispatch() - CORE\src\Routing\Dispatcher.php, line 87
[main] - ROOT\webroot\index.php, line 37



2018-02-28 00:09:02 Notice: Notice (8): Undefined variable: products in [R:\xampp\htdocs\GuarantyReminder\src\Template\Products\index.ctp, line 36]
Trace:
Cake\Error\BaseErrorHandler::handleError() - CORE\src\Error\BaseErrorHandler.php, line 140
include - APP/Template\Products\index.ctp, line 36
Cake\View\View::_evaluate() - CORE\src\View\View.php, line 992
Cake\View\View::_render() - CORE\src\View\View.php, line 952
Cake\View\View::render() - CORE\src\View\View.php, line 587
Cake\Controller\Controller::render() - CORE\src\Controller\Controller.php, line 612
App\Controller\ProductsController::search() - APP/Controller\ProductsController.php, line 158
Cake\Controller\Controller::invokeAction() - CORE\src\Controller\Controller.php, line 430
Cake\Routing\Dispatcher::_invoke() - CORE\src\Routing\Dispatcher.php, line 114
Cake\Routing\Dispatcher::dispatch() - CORE\src\Routing\Dispatcher.php, line 87
[main] - ROOT\webroot\index.php, line 37



2018-02-28 00:09:02 Notice: Notice (8): Undefined index: pageCount in [R:\xampp\htdocs\GuarantyReminder\vendor\cakephp\cakephp\src\View\Helper\PaginatorHelper.php, line 672]
Trace:
Cake\Error\BaseErrorHandler::handleError() - CORE\src\Error\BaseErrorHandler.php, line 140
Cake\View\Helper\PaginatorHelper::numbers() - CORE\src\View\Helper\PaginatorHelper.php, line 672
include - APP/Template\Products\index.ctp, line 56
Cake\View\View::_evaluate() - CORE\src\View\View.php, line 992
Cake\View\View::_render() - CORE\src\View\View.php, line 952
Cake\View\View::render() - CORE\src\View\View.php, line 587
Cake\Controller\Controller::render() - CORE\src\Controller\Controller.php, line 612
App\Controller\ProductsController::search() - APP/Controller\ProductsController.php, line 158
Cake\Controller\Controller::invokeAction() - CORE\src\Controller\Controller.php, line 430
Cake\Routing\Dispatcher::_invoke() - CORE\src\Routing\Dispatcher.php, line 114
Cake\Routing\Dispatcher::dispatch() - CORE\src\Routing\Dispatcher.php, line 87
[main] - ROOT\webroot\index.php, line 37



2018-02-28 00:09:02 Notice: Notice (8): Undefined index: pageCount in [R:\xampp\htdocs\GuarantyReminder\vendor\cakephp\cakephp\src\View\Helper\PaginatorHelper.php, line 591]
Trace:
Cake\Error\BaseErrorHandler::handleError() - CORE\src\Error\BaseErrorHandler.php, line 140
Cake\View\Helper\PaginatorHelper::counter() - CORE\src\View\Helper\PaginatorHelper.php, line 591
include - APP/Template\Products\index.ctp, line 59
Cake\View\View::_evaluate() - CORE\src\View\View.php, line 992
Cake\View\View::_render() - CORE\src\View\View.php, line 952
Cake\View\View::render() - CORE\src\View\View.php, line 587
Cake\Controller\Controller::render() - CORE\src\Controller\Controller.php, line 612
App\Controller\ProductsController::search() - APP/Controller\ProductsController.php, line 158
Cake\Controller\Controller::invokeAction() - CORE\src\Controller\Controller.php, line 430
Cake\Routing\Dispatcher::_invoke() - CORE\src\Routing\Dispatcher.php, line 114
Cake\Routing\Dispatcher::dispatch() - CORE\src\Routing\Dispatcher.php, line 87
[main] - ROOT\webroot\index.php, line 37



2018-02-28 00:09:02 Notice: Notice (8): Undefined index: count in [R:\xampp\htdocs\GuarantyReminder\vendor\cakephp\cakephp\src\View\Helper\PaginatorHelper.php, line 595]
Trace:
Cake\Error\BaseErrorHandler::handleError() - CORE\src\Error\BaseErrorHandler.php, line 140
Cake\View\Helper\PaginatorHelper::counter() - CORE\src\View\Helper\PaginatorHelper.php, line 595
include - APP/Template\Products\index.ctp, line 59
Cake\View\View::_evaluate() - CORE\src\View\View.php, line 992
Cake\View\View::_render() - CORE\src\View\View.php, line 952
Cake\View\View::render() - CORE\src\View\View.php, line 587
Cake\Controller\Controller::render() - CORE\src\Controller\Controller.php, line 612
App\Controller\ProductsController::search() - APP/Controller\ProductsController.php, line 158
Cake\Controller\Controller::invokeAction() - CORE\src\Controller\Controller.php, line 430
Cake\Routing\Dispatcher::_invoke() - CORE\src\Routing\Dispatcher.php, line 114
Cake\Routing\Dispatcher::dispatch() - CORE\src\Routing\Dispatcher.php, line 87
[main] - ROOT\webroot\index.php, line 37



2018-02-28 00:09:02 Notice: Notice (8): Undefined index: perPage in [R:\xampp\htdocs\GuarantyReminder\vendor\cakephp\cakephp\src\View\Helper\PaginatorHelper.php, line 598]
Trace:
Cake\Error\BaseErrorHandler::handleError() - CORE\src\Error\BaseErrorHandler.php, line 140
Cake\View\Helper\PaginatorHelper::counter() - CORE\src\View\Helper\PaginatorHelper.php, line 598
include - APP/Template\Products\index.ctp, line 59
Cake\View\View::_evaluate() - CORE\src\View\View.php, line 992
Cake\View\View::_render() - CORE\src\View\View.php, line 952
Cake\View\View::render() - CORE\src\View\View.php, line 587
Cake\Controller\Controller::render() - CORE\src\Controller\Controller.php, line 612
App\Controller\ProductsController::search() - APP/Controller\ProductsController.php, line 158
Cake\Controller\Controller::invokeAction() - CORE\src\Controller\Controller.php, line 430
Cake\Routing\Dispatcher::_invoke() - CORE\src\Routing\Dispatcher.php, line 114
Cake\Routing\Dispatcher::dispatch() - CORE\src\Routing\Dispatcher.php, line 87
[main] - ROOT\webroot\index.php, line 37



2018-02-28 00:09:02 Notice: Notice (8): Undefined index: count in [R:\xampp\htdocs\GuarantyReminder\vendor\cakephp\cakephp\src\View\Helper\PaginatorHelper.php, line 599]
Trace:
Cake\Error\BaseErrorHandler::handleError() - CORE\src\Error\BaseErrorHandler.php, line 140
Cake\View\Helper\PaginatorHelper::counter() - CORE\src\View\Helper\PaginatorHelper.php, line 599
include - APP/Template\Products\index.ctp, line 59
Cake\View\View::_evaluate() - CORE\src\View\View.php, line 992
Cake\View\View::_render() - CORE\src\View\View.php, line 952
Cake\View\View::render() - CORE\src\View\View.php, line 587
Cake\Controller\Controller::render() - CORE\src\Controller\Controller.php, line 612
App\Controller\ProductsController::search() - APP/Controller\ProductsController.php, line 158
Cake\Controller\Controller::invokeAction() - CORE\src\Controller\Controller.php, line 430
Cake\Routing\Dispatcher::_invoke() - CORE\src\Routing\Dispatcher.php, line 114
Cake\Routing\Dispatcher::dispatch() - CORE\src\Routing\Dispatcher.php, line 87
[main] - ROOT\webroot\index.php, line 37



2018-02-28 00:09:02 Notice: Notice (8): Undefined index: count in [R:\xampp\htdocs\GuarantyReminder\vendor\cakephp\cakephp\src\View\Helper\PaginatorHelper.php, line 600]
Trace:
Cake\Error\BaseErrorHandler::handleError() - CORE\src\Error\BaseErrorHandler.php, line 140
Cake\View\Helper\PaginatorHelper::counter() - CORE\src\View\Helper\PaginatorHelper.php, line 600
include - APP/Template\Products\index.ctp, line 59
Cake\View\View::_evaluate() - CORE\src\View\View.php, line 992
Cake\View\View::_render() - CORE\src\View\View.php, line 952
Cake\View\View::render() - CORE\src\View\View.php, line 587
Cake\Controller\Controller::render() - CORE\src\Controller\Controller.php, line 612
App\Controller\ProductsController::search() - APP/Controller\ProductsController.php, line 158
Cake\Controller\Controller::invokeAction() - CORE\src\Controller\Controller.php, line 430
Cake\Routing\Dispatcher::_invoke() - CORE\src\Routing\Dispatcher.php, line 114
Cake\Routing\Dispatcher::dispatch() - CORE\src\Routing\Dispatcher.php, line 87
[main] - ROOT\webroot\index.php, line 37



2018-02-28 00:09:02 Notice: Notice (8): Undefined index: page in [R:\xampp\htdocs\GuarantyReminder\vendor\cakephp\cakephp\src\View\Helper\PaginatorHelper.php, line 613]
Trace:
Cake\Error\BaseErrorHandler::handleError() - CORE\src\Error\BaseErrorHandler.php, line 140
Cake\View\Helper\PaginatorHelper::counter() - CORE\src\View\Helper\PaginatorHelper.php, line 613
include - APP/Template\Products\index.ctp, line 59
Cake\View\View::_evaluate() - CORE\src\View\View.php, line 992
Cake\View\View::_render() - CORE\src\View\View.php, line 952
Cake\View\View::render() - CORE\src\View\View.php, line 587
Cake\Controller\Controller::render() - CORE\src\Controller\Controller.php, line 612
App\Controller\ProductsController::search() - APP/Controller\ProductsController.php, line 158
Cake\Controller\Controller::invokeAction() - CORE\src\Controller\Controller.php, line 430
Cake\Routing\Dispatcher::_invoke() - CORE\src\Routing\Dispatcher.php, line 114
Cake\Routing\Dispatcher::dispatch() - CORE\src\Routing\Dispatcher.php, line 87
[main] - ROOT\webroot\index.php, line 37



2018-02-28 00:09:02 Notice: Notice (8): Undefined index: current in [R:\xampp\htdocs\GuarantyReminder\vendor\cakephp\cakephp\src\View\Helper\PaginatorHelper.php, line 615]
Trace:
Cake\Error\BaseErrorHandler::handleError() - CORE\src\Error\BaseErrorHandler.php, line 140
Cake\View\Helper\PaginatorHelper::counter() - CORE\src\View\Helper\PaginatorHelper.php, line 615
include - APP/Template\Products\index.ctp, line 59
Cake\View\View::_evaluate() - CORE\src\View\View.php, line 992
Cake\View\View::_render() - CORE\src\View\View.php, line 952
Cake\View\View::render() - CORE\src\View\View.php, line 587
Cake\Controller\Controller::render() - CORE\src\Controller\Controller.php, line 612
App\Controller\ProductsController::search() - APP/Controller\ProductsController.php, line 158
Cake\Controller\Controller::invokeAction() - CORE\src\Controller\Controller.php, line 430
Cake\Routing\Dispatcher::_invoke() - CORE\src\Routing\Dispatcher.php, line 114
Cake\Routing\Dispatcher::dispatch() - CORE\src\Routing\Dispatcher.php, line 87
[main] - ROOT\webroot\index.php, line 37



2018-02-28 00:09:02 Notice: Notice (8): Undefined index: count in [R:\xampp\htdocs\GuarantyReminder\vendor\cakephp\cakephp\src\View\Helper\PaginatorHelper.php, line 616]
Trace:
Cake\Error\BaseErrorHandler::handleError() - CORE\src\Error\BaseErrorHandler.php, line 140
Cake\View\Helper\PaginatorHelper::counter() - CORE\src\View\Helper\PaginatorHelper.php, line 616
include - APP/Template\Products\index.ctp, line 59
Cake\View\View::_evaluate() - CORE\src\View\View.php, line 992
Cake\View\View::_render() - CORE\src\View\View.php, line 952
Cake\View\View::render() - CORE\src\View\View.php, line 587
Cake\Controller\Controller::render() - CORE\src\Controller\Controller.php, line 612
App\Controller\ProductsController::search() - APP/Controller\ProductsController.php, line 158
Cake\Controller\Controller::invokeAction() - CORE\src\Controller\Controller.php, line 430
Cake\Routing\Dispatcher::_invoke() - CORE\src\Routing\Dispatcher.php, line 114
Cake\Routing\Dispatcher::dispatch() - CORE\src\Routing\Dispatcher.php, line 87
[main] - ROOT\webroot\index.php, line 37



